<?xml version="1.0" encoding="UTF-8"?>
<testng-results skipped="0" failed="0" total="22" passed="22">
  <reporter-output>
  </reporter-output>
  <suite name="Surefire suite" duration-ms="786" started-at="2019-03-26T23:06:00Z" finished-at="2019-03-26T23:06:00Z">
    <groups>
    </groups>
    <test name="Surefire test" duration-ms="786" started-at="2019-03-26T23:06:00Z" finished-at="2019-03-26T23:06:00Z">
      <class name="org.apache.storm.starter.bolt.IntermediateRankingsBoltTest">
        <test-method status="PASS" signature="negativeOrZeroEmitFrequencyShouldThrowIAE(int)[pri:0, instance:org.apache.storm.starter.bolt.IntermediateRankingsBoltTest@49993335]" name="negativeOrZeroEmitFrequencyShouldThrowIAE" duration-ms="571" started-at="2019-03-26T17:06:00Z" data-provider="illegalEmitFrequency" finished-at="2019-03-26T17:06:00Z">
          <params>
            <param index="0">
              <value>
                <![CDATA[-10]]>
              </value>
            </param>
          </params>
          <exception class="java.lang.IllegalArgumentException">
            <message>
              <![CDATA[The emit frequency must be >= 1 seconds (you requested -10 seconds)]]>
            </message>
            <full-stacktrace>
              <![CDATA[java.lang.IllegalArgumentException: The emit frequency must be >= 1 seconds (you requested -10 seconds)
	at org.apache.storm.starter.bolt.AbstractRankerBolt.<init>(AbstractRankerBolt.java:64)
	at org.apache.storm.starter.bolt.IntermediateRankingsBolt.<init>(IntermediateRankingsBolt.java:45)
	at org.apache.storm.starter.bolt.IntermediateRankingsBoltTest.negativeOrZeroEmitFrequencyShouldThrowIAE(IntermediateRankingsBoltTest.java:68)
	at sun.reflect.NativeMethodAccessorImpl.invoke0(Native Method)
	at sun.reflect.NativeMethodAccessorImpl.invoke(NativeMethodAccessorImpl.java:62)
	at sun.reflect.DelegatingMethodAccessorImpl.invoke(DelegatingMethodAccessorImpl.java:43)
	at java.lang.reflect.Method.invoke(Method.java:497)
	at org.testng.internal.MethodInvocationHelper.invokeMethod(MethodInvocationHelper.java:84)
	at org.testng.internal.Invoker.invokeMethod(Invoker.java:714)
	at org.testng.internal.Invoker.invokeTestMethod(Invoker.java:901)
	at org.testng.internal.Invoker.invokeTestMethods(Invoker.java:1231)
	at org.testng.internal.TestMethodWorker.invokeTestMethods(TestMethodWorker.java:127)
	at org.testng.internal.TestMethodWorker.run(TestMethodWorker.java:111)
	at org.testng.TestRunner.privateRun(TestRunner.java:767)
	at org.testng.TestRunner.run(TestRunner.java:617)
	at org.testng.SuiteRunner.runTest(SuiteRunner.java:334)
	at org.testng.SuiteRunner.runSequentially(SuiteRunner.java:329)
	at org.testng.SuiteRunner.privateRun(SuiteRunner.java:291)
	at org.testng.SuiteRunner.run(SuiteRunner.java:240)
	at org.testng.SuiteRunnerWorker.runSuite(SuiteRunnerWorker.java:52)
	at org.testng.SuiteRunnerWorker.run(SuiteRunnerWorker.java:86)
	at org.testng.TestNG.runSuitesSequentially(TestNG.java:1224)
	at org.testng.TestNG.runSuitesLocally(TestNG.java:1149)
	at org.testng.TestNG.run(TestNG.java:1057)
	at org.apache.maven.surefire.testng.TestNGExecutor.run(TestNGExecutor.java:115)
	at org.apache.maven.surefire.testng.TestNGDirectoryTestSuite.executeSingleClass(TestNGDirectoryTestSuite.java:129)
	at org.apache.maven.surefire.testng.TestNGDirectoryTestSuite.executeLazy(TestNGDirectoryTestSuite.java:141)
	at org.apache.maven.surefire.testng.TestNGDirectoryTestSuite.execute(TestNGDirectoryTestSuite.java:104)
	at org.apache.maven.surefire.testng.TestNGProvider.invoke(TestNGProvider.java:111)
	at org.apache.maven.surefire.booter.ForkedBooter.invokeProviderInSameClassLoader(ForkedBooter.java:203)
	at org.apache.maven.surefire.booter.ForkedBooter.runSuitesInProcess(ForkedBooter.java:155)
	at org.apache.maven.surefire.booter.ForkedBooter.main(ForkedBooter.java:103)
]]>
            </full-stacktrace>
          </exception> <!-- java.lang.IllegalArgumentException -->
          <reporter-output>
          </reporter-output>
        </test-method> <!-- negativeOrZeroEmitFrequencyShouldThrowIAE -->
        <test-method status="PASS" signature="negativeOrZeroEmitFrequencyShouldThrowIAE(int)[pri:0, instance:org.apache.storm.starter.bolt.IntermediateRankingsBoltTest@49993335]" name="negativeOrZeroEmitFrequencyShouldThrowIAE" duration-ms="1" started-at="2019-03-26T17:06:00Z" data-provider="illegalEmitFrequency" finished-at="2019-03-26T17:06:00Z">
          <params>
            <param index="0">
              <value>
                <![CDATA[-2]]>
              </value>
            </param>
          </params>
          <exception class="java.lang.IllegalArgumentException">
            <message>
              <![CDATA[The emit frequency must be >= 1 seconds (you requested -2 seconds)]]>
            </message>
            <full-stacktrace>
              <![CDATA[java.lang.IllegalArgumentException: The emit frequency must be >= 1 seconds (you requested -2 seconds)
	at org.apache.storm.starter.bolt.AbstractRankerBolt.<init>(AbstractRankerBolt.java:64)
	at org.apache.storm.starter.bolt.IntermediateRankingsBolt.<init>(IntermediateRankingsBolt.java:45)
	at org.apache.storm.starter.bolt.IntermediateRankingsBoltTest.negativeOrZeroEmitFrequencyShouldThrowIAE(IntermediateRankingsBoltTest.java:68)
	at sun.reflect.NativeMethodAccessorImpl.invoke0(Native Method)
	at sun.reflect.NativeMethodAccessorImpl.invoke(NativeMethodAccessorImpl.java:62)
	at sun.reflect.DelegatingMethodAccessorImpl.invoke(DelegatingMethodAccessorImpl.java:43)
	at java.lang.reflect.Method.invoke(Method.java:497)
	at org.testng.internal.MethodInvocationHelper.invokeMethod(MethodInvocationHelper.java:84)
	at org.testng.internal.Invoker.invokeMethod(Invoker.java:714)
	at org.testng.internal.Invoker.invokeTestMethod(Invoker.java:901)
	at org.testng.internal.Invoker.invokeTestMethods(Invoker.java:1231)
	at org.testng.internal.TestMethodWorker.invokeTestMethods(TestMethodWorker.java:127)
	at org.testng.internal.TestMethodWorker.run(TestMethodWorker.java:111)
	at org.testng.TestRunner.privateRun(TestRunner.java:767)
	at org.testng.TestRunner.run(TestRunner.java:617)
	at org.testng.SuiteRunner.runTest(SuiteRunner.java:334)
	at org.testng.SuiteRunner.runSequentially(SuiteRunner.java:329)
	at org.testng.SuiteRunner.privateRun(SuiteRunner.java:291)
	at org.testng.SuiteRunner.run(SuiteRunner.java:240)
	at org.testng.SuiteRunnerWorker.runSuite(SuiteRunnerWorker.java:52)
	at org.testng.SuiteRunnerWorker.run(SuiteRunnerWorker.java:86)
	at org.testng.TestNG.runSuitesSequentially(TestNG.java:1224)
	at org.testng.TestNG.runSuitesLocally(TestNG.java:1149)
	at org.testng.TestNG.run(TestNG.java:1057)
	at org.apache.maven.surefire.testng.TestNGExecutor.run(TestNGExecutor.java:115)
	at org.apache.maven.surefire.testng.TestNGDirectoryTestSuite.executeSingleClass(TestNGDirectoryTestSuite.java:129)
	at org.apache.maven.surefire.testng.TestNGDirectoryTestSuite.executeLazy(TestNGDirectoryTestSuite.java:141)
	at org.apache.maven.surefire.testng.TestNGDirectoryTestSuite.execute(TestNGDirectoryTestSuite.java:104)
	at org.apache.maven.surefire.testng.TestNGProvider.invoke(TestNGProvider.java:111)
	at org.apache.maven.surefire.booter.ForkedBooter.invokeProviderInSameClassLoader(ForkedBooter.java:203)
	at org.apache.maven.surefire.booter.ForkedBooter.runSuitesInProcess(ForkedBooter.java:155)
	at org.apache.maven.surefire.booter.ForkedBooter.main(ForkedBooter.java:103)
]]>
            </full-stacktrace>
          </exception> <!-- java.lang.IllegalArgumentException -->
          <reporter-output>
          </reporter-output>
        </test-method> <!-- negativeOrZeroEmitFrequencyShouldThrowIAE -->
        <test-method status="PASS" signature="negativeOrZeroEmitFrequencyShouldThrowIAE(int)[pri:0, instance:org.apache.storm.starter.bolt.IntermediateRankingsBoltTest@49993335]" name="negativeOrZeroEmitFrequencyShouldThrowIAE" duration-ms="0" started-at="2019-03-26T17:06:00Z" data-provider="illegalEmitFrequency" finished-at="2019-03-26T17:06:00Z">
          <params>
            <param index="0">
              <value>
                <![CDATA[-3]]>
              </value>
            </param>
          </params>
          <exception class="java.lang.IllegalArgumentException">
            <message>
              <![CDATA[The emit frequency must be >= 1 seconds (you requested -3 seconds)]]>
            </message>
            <full-stacktrace>
              <![CDATA[java.lang.IllegalArgumentException: The emit frequency must be >= 1 seconds (you requested -3 seconds)
	at org.apache.storm.starter.bolt.AbstractRankerBolt.<init>(AbstractRankerBolt.java:64)
	at org.apache.storm.starter.bolt.IntermediateRankingsBolt.<init>(IntermediateRankingsBolt.java:45)
	at org.apache.storm.starter.bolt.IntermediateRankingsBoltTest.negativeOrZeroEmitFrequencyShouldThrowIAE(IntermediateRankingsBoltTest.java:68)
	at sun.reflect.NativeMethodAccessorImpl.invoke0(Native Method)
	at sun.reflect.NativeMethodAccessorImpl.invoke(NativeMethodAccessorImpl.java:62)
	at sun.reflect.DelegatingMethodAccessorImpl.invoke(DelegatingMethodAccessorImpl.java:43)
	at java.lang.reflect.Method.invoke(Method.java:497)
	at org.testng.internal.MethodInvocationHelper.invokeMethod(MethodInvocationHelper.java:84)
	at org.testng.internal.Invoker.invokeMethod(Invoker.java:714)
	at org.testng.internal.Invoker.invokeTestMethod(Invoker.java:901)
	at org.testng.internal.Invoker.invokeTestMethods(Invoker.java:1231)
	at org.testng.internal.TestMethodWorker.invokeTestMethods(TestMethodWorker.java:127)
	at org.testng.internal.TestMethodWorker.run(TestMethodWorker.java:111)
	at org.testng.TestRunner.privateRun(TestRunner.java:767)
	at org.testng.TestRunner.run(TestRunner.java:617)
	at org.testng.SuiteRunner.runTest(SuiteRunner.java:334)
	at org.testng.SuiteRunner.runSequentially(SuiteRunner.java:329)
	at org.testng.SuiteRunner.privateRun(SuiteRunner.java:291)
	at org.testng.SuiteRunner.run(SuiteRunner.java:240)
	at org.testng.SuiteRunnerWorker.runSuite(SuiteRunnerWorker.java:52)
	at org.testng.SuiteRunnerWorker.run(SuiteRunnerWorker.java:86)
	at org.testng.TestNG.runSuitesSequentially(TestNG.java:1224)
	at org.testng.TestNG.runSuitesLocally(TestNG.java:1149)
	at org.testng.TestNG.run(TestNG.java:1057)
	at org.apache.maven.surefire.testng.TestNGExecutor.run(TestNGExecutor.java:115)
	at org.apache.maven.surefire.testng.TestNGDirectoryTestSuite.executeSingleClass(TestNGDirectoryTestSuite.java:129)
	at org.apache.maven.surefire.testng.TestNGDirectoryTestSuite.executeLazy(TestNGDirectoryTestSuite.java:141)
	at org.apache.maven.surefire.testng.TestNGDirectoryTestSuite.execute(TestNGDirectoryTestSuite.java:104)
	at org.apache.maven.surefire.testng.TestNGProvider.invoke(TestNGProvider.java:111)
	at org.apache.maven.surefire.booter.ForkedBooter.invokeProviderInSameClassLoader(ForkedBooter.java:203)
	at org.apache.maven.surefire.booter.ForkedBooter.runSuitesInProcess(ForkedBooter.java:155)
	at org.apache.maven.surefire.booter.ForkedBooter.main(ForkedBooter.java:103)
]]>
            </full-stacktrace>
          </exception> <!-- java.lang.IllegalArgumentException -->
          <reporter-output>
          </reporter-output>
        </test-method> <!-- negativeOrZeroEmitFrequencyShouldThrowIAE -->
        <test-method status="PASS" signature="negativeOrZeroEmitFrequencyShouldThrowIAE(int)[pri:0, instance:org.apache.storm.starter.bolt.IntermediateRankingsBoltTest@49993335]" name="negativeOrZeroEmitFrequencyShouldThrowIAE" duration-ms="0" started-at="2019-03-26T17:06:00Z" data-provider="illegalEmitFrequency" finished-at="2019-03-26T17:06:00Z">
          <params>
            <param index="0">
              <value>
                <![CDATA[-1]]>
              </value>
            </param>
          </params>
          <exception class="java.lang.IllegalArgumentException">
            <message>
              <![CDATA[The emit frequency must be >= 1 seconds (you requested -1 seconds)]]>
            </message>
            <full-stacktrace>
              <![CDATA[java.lang.IllegalArgumentException: The emit frequency must be >= 1 seconds (you requested -1 seconds)
	at org.apache.storm.starter.bolt.AbstractRankerBolt.<init>(AbstractRankerBolt.java:64)
	at org.apache.storm.starter.bolt.IntermediateRankingsBolt.<init>(IntermediateRankingsBolt.java:45)
	at org.apache.storm.starter.bolt.IntermediateRankingsBoltTest.negativeOrZeroEmitFrequencyShouldThrowIAE(IntermediateRankingsBoltTest.java:68)
	at sun.reflect.NativeMethodAccessorImpl.invoke0(Native Method)
	at sun.reflect.NativeMethodAccessorImpl.invoke(NativeMethodAccessorImpl.java:62)
	at sun.reflect.DelegatingMethodAccessorImpl.invoke(DelegatingMethodAccessorImpl.java:43)
	at java.lang.reflect.Method.invoke(Method.java:497)
	at org.testng.internal.MethodInvocationHelper.invokeMethod(MethodInvocationHelper.java:84)
	at org.testng.internal.Invoker.invokeMethod(Invoker.java:714)
	at org.testng.internal.Invoker.invokeTestMethod(Invoker.java:901)
	at org.testng.internal.Invoker.invokeTestMethods(Invoker.java:1231)
	at org.testng.internal.TestMethodWorker.invokeTestMethods(TestMethodWorker.java:127)
	at org.testng.internal.TestMethodWorker.run(TestMethodWorker.java:111)
	at org.testng.TestRunner.privateRun(TestRunner.java:767)
	at org.testng.TestRunner.run(TestRunner.java:617)
	at org.testng.SuiteRunner.runTest(SuiteRunner.java:334)
	at org.testng.SuiteRunner.runSequentially(SuiteRunner.java:329)
	at org.testng.SuiteRunner.privateRun(SuiteRunner.java:291)
	at org.testng.SuiteRunner.run(SuiteRunner.java:240)
	at org.testng.SuiteRunnerWorker.runSuite(SuiteRunnerWorker.java:52)
	at org.testng.SuiteRunnerWorker.run(SuiteRunnerWorker.java:86)
	at org.testng.TestNG.runSuitesSequentially(TestNG.java:1224)
	at org.testng.TestNG.runSuitesLocally(TestNG.java:1149)
	at org.testng.TestNG.run(TestNG.java:1057)
	at org.apache.maven.surefire.testng.TestNGExecutor.run(TestNGExecutor.java:115)
	at org.apache.maven.surefire.testng.TestNGDirectoryTestSuite.executeSingleClass(TestNGDirectoryTestSuite.java:129)
	at org.apache.maven.surefire.testng.TestNGDirectoryTestSuite.executeLazy(TestNGDirectoryTestSuite.java:141)
	at org.apache.maven.surefire.testng.TestNGDirectoryTestSuite.execute(TestNGDirectoryTestSuite.java:104)
	at org.apache.maven.surefire.testng.TestNGProvider.invoke(TestNGProvider.java:111)
	at org.apache.maven.surefire.booter.ForkedBooter.invokeProviderInSameClassLoader(ForkedBooter.java:203)
	at org.apache.maven.surefire.booter.ForkedBooter.runSuitesInProcess(ForkedBooter.java:155)
	at org.apache.maven.surefire.booter.ForkedBooter.main(ForkedBooter.java:103)
]]>
            </full-stacktrace>
          </exception> <!-- java.lang.IllegalArgumentException -->
          <reporter-output>
          </reporter-output>
        </test-method> <!-- negativeOrZeroEmitFrequencyShouldThrowIAE -->
        <test-method status="PASS" signature="negativeOrZeroEmitFrequencyShouldThrowIAE(int)[pri:0, instance:org.apache.storm.starter.bolt.IntermediateRankingsBoltTest@49993335]" name="negativeOrZeroEmitFrequencyShouldThrowIAE" duration-ms="0" started-at="2019-03-26T17:06:00Z" data-provider="illegalEmitFrequency" finished-at="2019-03-26T17:06:00Z">
          <params>
            <param index="0">
              <value>
                <![CDATA[0]]>
              </value>
            </param>
          </params>
          <exception class="java.lang.IllegalArgumentException">
            <message>
              <![CDATA[The emit frequency must be >= 1 seconds (you requested 0 seconds)]]>
            </message>
            <full-stacktrace>
              <![CDATA[java.lang.IllegalArgumentException: The emit frequency must be >= 1 seconds (you requested 0 seconds)
	at org.apache.storm.starter.bolt.AbstractRankerBolt.<init>(AbstractRankerBolt.java:64)
	at org.apache.storm.starter.bolt.IntermediateRankingsBolt.<init>(IntermediateRankingsBolt.java:45)
	at org.apache.storm.starter.bolt.IntermediateRankingsBoltTest.negativeOrZeroEmitFrequencyShouldThrowIAE(IntermediateRankingsBoltTest.java:68)
	at sun.reflect.NativeMethodAccessorImpl.invoke0(Native Method)
	at sun.reflect.NativeMethodAccessorImpl.invoke(NativeMethodAccessorImpl.java:62)
	at sun.reflect.DelegatingMethodAccessorImpl.invoke(DelegatingMethodAccessorImpl.java:43)
	at java.lang.reflect.Method.invoke(Method.java:497)
	at org.testng.internal.MethodInvocationHelper.invokeMethod(MethodInvocationHelper.java:84)
	at org.testng.internal.Invoker.invokeMethod(Invoker.java:714)
	at org.testng.internal.Invoker.invokeTestMethod(Invoker.java:901)
	at org.testng.internal.Invoker.invokeTestMethods(Invoker.java:1231)
	at org.testng.internal.TestMethodWorker.invokeTestMethods(TestMethodWorker.java:127)
	at org.testng.internal.TestMethodWorker.run(TestMethodWorker.java:111)
	at org.testng.TestRunner.privateRun(TestRunner.java:767)
	at org.testng.TestRunner.run(TestRunner.java:617)
	at org.testng.SuiteRunner.runTest(SuiteRunner.java:334)
	at org.testng.SuiteRunner.runSequentially(SuiteRunner.java:329)
	at org.testng.SuiteRunner.privateRun(SuiteRunner.java:291)
	at org.testng.SuiteRunner.run(SuiteRunner.java:240)
	at org.testng.SuiteRunnerWorker.runSuite(SuiteRunnerWorker.java:52)
	at org.testng.SuiteRunnerWorker.run(SuiteRunnerWorker.java:86)
	at org.testng.TestNG.runSuitesSequentially(TestNG.java:1224)
	at org.testng.TestNG.runSuitesLocally(TestNG.java:1149)
	at org.testng.TestNG.run(TestNG.java:1057)
	at org.apache.maven.surefire.testng.TestNGExecutor.run(TestNGExecutor.java:115)
	at org.apache.maven.surefire.testng.TestNGDirectoryTestSuite.executeSingleClass(TestNGDirectoryTestSuite.java:129)
	at org.apache.maven.surefire.testng.TestNGDirectoryTestSuite.executeLazy(TestNGDirectoryTestSuite.java:141)
	at org.apache.maven.surefire.testng.TestNGDirectoryTestSuite.execute(TestNGDirectoryTestSuite.java:104)
	at org.apache.maven.surefire.testng.TestNGProvider.invoke(TestNGProvider.java:111)
	at org.apache.maven.surefire.booter.ForkedBooter.invokeProviderInSameClassLoader(ForkedBooter.java:203)
	at org.apache.maven.surefire.booter.ForkedBooter.runSuitesInProcess(ForkedBooter.java:155)
	at org.apache.maven.surefire.booter.ForkedBooter.main(ForkedBooter.java:103)
]]>
            </full-stacktrace>
          </exception> <!-- java.lang.IllegalArgumentException -->
          <reporter-output>
          </reporter-output>
        </test-method> <!-- negativeOrZeroEmitFrequencyShouldThrowIAE -->
        <test-method status="PASS" signature="negativeOrZeroTopNShouldThrowIAE(int)[pri:0, instance:org.apache.storm.starter.bolt.IntermediateRankingsBoltTest@49993335]" name="negativeOrZeroTopNShouldThrowIAE" duration-ms="1" started-at="2019-03-26T17:06:00Z" data-provider="illegalTopN" finished-at="2019-03-26T17:06:00Z">
          <params>
            <param index="0">
              <value>
                <![CDATA[-2]]>
              </value>
            </param>
          </params>
          <exception class="java.lang.IllegalArgumentException">
            <message>
              <![CDATA[topN must be >= 1 (you requested -2)]]>
            </message>
            <full-stacktrace>
              <![CDATA[java.lang.IllegalArgumentException: topN must be >= 1 (you requested -2)
	at org.apache.storm.starter.bolt.AbstractRankerBolt.<init>(AbstractRankerBolt.java:61)
	at org.apache.storm.starter.bolt.AbstractRankerBolt.<init>(AbstractRankerBolt.java:56)
	at org.apache.storm.starter.bolt.IntermediateRankingsBolt.<init>(IntermediateRankingsBolt.java:41)
	at org.apache.storm.starter.bolt.IntermediateRankingsBoltTest.negativeOrZeroTopNShouldThrowIAE(IntermediateRankingsBoltTest.java:58)
	at sun.reflect.NativeMethodAccessorImpl.invoke0(Native Method)
	at sun.reflect.NativeMethodAccessorImpl.invoke(NativeMethodAccessorImpl.java:62)
	at sun.reflect.DelegatingMethodAccessorImpl.invoke(DelegatingMethodAccessorImpl.java:43)
	at java.lang.reflect.Method.invoke(Method.java:497)
	at org.testng.internal.MethodInvocationHelper.invokeMethod(MethodInvocationHelper.java:84)
	at org.testng.internal.Invoker.invokeMethod(Invoker.java:714)
	at org.testng.internal.Invoker.invokeTestMethod(Invoker.java:901)
	at org.testng.internal.Invoker.invokeTestMethods(Invoker.java:1231)
	at org.testng.internal.TestMethodWorker.invokeTestMethods(TestMethodWorker.java:127)
	at org.testng.internal.TestMethodWorker.run(TestMethodWorker.java:111)
	at org.testng.TestRunner.privateRun(TestRunner.java:767)
	at org.testng.TestRunner.run(TestRunner.java:617)
	at org.testng.SuiteRunner.runTest(SuiteRunner.java:334)
	at org.testng.SuiteRunner.runSequentially(SuiteRunner.java:329)
	at org.testng.SuiteRunner.privateRun(SuiteRunner.java:291)
	at org.testng.SuiteRunner.run(SuiteRunner.java:240)
	at org.testng.SuiteRunnerWorker.runSuite(SuiteRunnerWorker.java:52)
	at org.testng.SuiteRunnerWorker.run(SuiteRunnerWorker.java:86)
	at org.testng.TestNG.runSuitesSequentially(TestNG.java:1224)
	at org.testng.TestNG.runSuitesLocally(TestNG.java:1149)
	at org.testng.TestNG.run(TestNG.java:1057)
	at org.apache.maven.surefire.testng.TestNGExecutor.run(TestNGExecutor.java:115)
	at org.apache.maven.surefire.testng.TestNGDirectoryTestSuite.executeSingleClass(TestNGDirectoryTestSuite.java:129)
	at org.apache.maven.surefire.testng.TestNGDirectoryTestSuite.executeLazy(TestNGDirectoryTestSuite.java:141)
	at org.apache.maven.surefire.testng.TestNGDirectoryTestSuite.execute(TestNGDirectoryTestSuite.java:104)
	at org.apache.maven.surefire.testng.TestNGProvider.invoke(TestNGProvider.java:111)
	at org.apache.maven.surefire.booter.ForkedBooter.invokeProviderInSameClassLoader(ForkedBooter.java:203)
	at org.apache.maven.surefire.booter.ForkedBooter.runSuitesInProcess(ForkedBooter.java:155)
	at org.apache.maven.surefire.booter.ForkedBooter.main(ForkedBooter.java:103)
]]>
            </full-stacktrace>
          </exception> <!-- java.lang.IllegalArgumentException -->
          <reporter-output>
          </reporter-output>
        </test-method> <!-- negativeOrZeroTopNShouldThrowIAE -->
        <test-method status="PASS" signature="negativeOrZeroTopNShouldThrowIAE(int)[pri:0, instance:org.apache.storm.starter.bolt.IntermediateRankingsBoltTest@49993335]" name="negativeOrZeroTopNShouldThrowIAE" duration-ms="0" started-at="2019-03-26T17:06:00Z" data-provider="illegalTopN" finished-at="2019-03-26T17:06:00Z">
          <params>
            <param index="0">
              <value>
                <![CDATA[-3]]>
              </value>
            </param>
          </params>
          <exception class="java.lang.IllegalArgumentException">
            <message>
              <![CDATA[topN must be >= 1 (you requested -3)]]>
            </message>
            <full-stacktrace>
              <![CDATA[java.lang.IllegalArgumentException: topN must be >= 1 (you requested -3)
	at org.apache.storm.starter.bolt.AbstractRankerBolt.<init>(AbstractRankerBolt.java:61)
	at org.apache.storm.starter.bolt.AbstractRankerBolt.<init>(AbstractRankerBolt.java:56)
	at org.apache.storm.starter.bolt.IntermediateRankingsBolt.<init>(IntermediateRankingsBolt.java:41)
	at org.apache.storm.starter.bolt.IntermediateRankingsBoltTest.negativeOrZeroTopNShouldThrowIAE(IntermediateRankingsBoltTest.java:58)
	at sun.reflect.NativeMethodAccessorImpl.invoke0(Native Method)
	at sun.reflect.NativeMethodAccessorImpl.invoke(NativeMethodAccessorImpl.java:62)
	at sun.reflect.DelegatingMethodAccessorImpl.invoke(DelegatingMethodAccessorImpl.java:43)
	at java.lang.reflect.Method.invoke(Method.java:497)
	at org.testng.internal.MethodInvocationHelper.invokeMethod(MethodInvocationHelper.java:84)
	at org.testng.internal.Invoker.invokeMethod(Invoker.java:714)
	at org.testng.internal.Invoker.invokeTestMethod(Invoker.java:901)
	at org.testng.internal.Invoker.invokeTestMethods(Invoker.java:1231)
	at org.testng.internal.TestMethodWorker.invokeTestMethods(TestMethodWorker.java:127)
	at org.testng.internal.TestMethodWorker.run(TestMethodWorker.java:111)
	at org.testng.TestRunner.privateRun(TestRunner.java:767)
	at org.testng.TestRunner.run(TestRunner.java:617)
	at org.testng.SuiteRunner.runTest(SuiteRunner.java:334)
	at org.testng.SuiteRunner.runSequentially(SuiteRunner.java:329)
	at org.testng.SuiteRunner.privateRun(SuiteRunner.java:291)
	at org.testng.SuiteRunner.run(SuiteRunner.java:240)
	at org.testng.SuiteRunnerWorker.runSuite(SuiteRunnerWorker.java:52)
	at org.testng.SuiteRunnerWorker.run(SuiteRunnerWorker.java:86)
	at org.testng.TestNG.runSuitesSequentially(TestNG.java:1224)
	at org.testng.TestNG.runSuitesLocally(TestNG.java:1149)
	at org.testng.TestNG.run(TestNG.java:1057)
	at org.apache.maven.surefire.testng.TestNGExecutor.run(TestNGExecutor.java:115)
	at org.apache.maven.surefire.testng.TestNGDirectoryTestSuite.executeSingleClass(TestNGDirectoryTestSuite.java:129)
	at org.apache.maven.surefire.testng.TestNGDirectoryTestSuite.executeLazy(TestNGDirectoryTestSuite.java:141)
	at org.apache.maven.surefire.testng.TestNGDirectoryTestSuite.execute(TestNGDirectoryTestSuite.java:104)
	at org.apache.maven.surefire.testng.TestNGProvider.invoke(TestNGProvider.java:111)
	at org.apache.maven.surefire.booter.ForkedBooter.invokeProviderInSameClassLoader(ForkedBooter.java:203)
	at org.apache.maven.surefire.booter.ForkedBooter.runSuitesInProcess(ForkedBooter.java:155)
	at org.apache.maven.surefire.booter.ForkedBooter.main(ForkedBooter.java:103)
]]>
            </full-stacktrace>
          </exception> <!-- java.lang.IllegalArgumentException -->
          <reporter-output>
          </reporter-output>
        </test-method> <!-- negativeOrZeroTopNShouldThrowIAE -->
        <test-method status="PASS" signature="negativeOrZeroTopNShouldThrowIAE(int)[pri:0, instance:org.apache.storm.starter.bolt.IntermediateRankingsBoltTest@49993335]" name="negativeOrZeroTopNShouldThrowIAE" duration-ms="0" started-at="2019-03-26T17:06:00Z" data-provider="illegalTopN" finished-at="2019-03-26T17:06:00Z">
          <params>
            <param index="0">
              <value>
                <![CDATA[-10]]>
              </value>
            </param>
          </params>
          <exception class="java.lang.IllegalArgumentException">
            <message>
              <![CDATA[topN must be >= 1 (you requested -10)]]>
            </message>
            <full-stacktrace>
              <![CDATA[java.lang.IllegalArgumentException: topN must be >= 1 (you requested -10)
	at org.apache.storm.starter.bolt.AbstractRankerBolt.<init>(AbstractRankerBolt.java:61)
	at org.apache.storm.starter.bolt.AbstractRankerBolt.<init>(AbstractRankerBolt.java:56)
	at org.apache.storm.starter.bolt.IntermediateRankingsBolt.<init>(IntermediateRankingsBolt.java:41)
	at org.apache.storm.starter.bolt.IntermediateRankingsBoltTest.negativeOrZeroTopNShouldThrowIAE(IntermediateRankingsBoltTest.java:58)
	at sun.reflect.NativeMethodAccessorImpl.invoke0(Native Method)
	at sun.reflect.NativeMethodAccessorImpl.invoke(NativeMethodAccessorImpl.java:62)
	at sun.reflect.DelegatingMethodAccessorImpl.invoke(DelegatingMethodAccessorImpl.java:43)
	at java.lang.reflect.Method.invoke(Method.java:497)
	at org.testng.internal.MethodInvocationHelper.invokeMethod(MethodInvocationHelper.java:84)
	at org.testng.internal.Invoker.invokeMethod(Invoker.java:714)
	at org.testng.internal.Invoker.invokeTestMethod(Invoker.java:901)
	at org.testng.internal.Invoker.invokeTestMethods(Invoker.java:1231)
	at org.testng.internal.TestMethodWorker.invokeTestMethods(TestMethodWorker.java:127)
	at org.testng.internal.TestMethodWorker.run(TestMethodWorker.java:111)
	at org.testng.TestRunner.privateRun(TestRunner.java:767)
	at org.testng.TestRunner.run(TestRunner.java:617)
	at org.testng.SuiteRunner.runTest(SuiteRunner.java:334)
	at org.testng.SuiteRunner.runSequentially(SuiteRunner.java:329)
	at org.testng.SuiteRunner.privateRun(SuiteRunner.java:291)
	at org.testng.SuiteRunner.run(SuiteRunner.java:240)
	at org.testng.SuiteRunnerWorker.runSuite(SuiteRunnerWorker.java:52)
	at org.testng.SuiteRunnerWorker.run(SuiteRunnerWorker.java:86)
	at org.testng.TestNG.runSuitesSequentially(TestNG.java:1224)
	at org.testng.TestNG.runSuitesLocally(TestNG.java:1149)
	at org.testng.TestNG.run(TestNG.java:1057)
	at org.apache.maven.surefire.testng.TestNGExecutor.run(TestNGExecutor.java:115)
	at org.apache.maven.surefire.testng.TestNGDirectoryTestSuite.executeSingleClass(TestNGDirectoryTestSuite.java:129)
	at org.apache.maven.surefire.testng.TestNGDirectoryTestSuite.executeLazy(TestNGDirectoryTestSuite.java:141)
	at org.apache.maven.surefire.testng.TestNGDirectoryTestSuite.execute(TestNGDirectoryTestSuite.java:104)
	at org.apache.maven.surefire.testng.TestNGProvider.invoke(TestNGProvider.java:111)
	at org.apache.maven.surefire.booter.ForkedBooter.invokeProviderInSameClassLoader(ForkedBooter.java:203)
	at org.apache.maven.surefire.booter.ForkedBooter.runSuitesInProcess(ForkedBooter.java:155)
	at org.apache.maven.surefire.booter.ForkedBooter.main(ForkedBooter.java:103)
]]>
            </full-stacktrace>
          </exception> <!-- java.lang.IllegalArgumentException -->
          <reporter-output>
          </reporter-output>
        </test-method> <!-- negativeOrZeroTopNShouldThrowIAE -->
        <test-method status="PASS" signature="negativeOrZeroTopNShouldThrowIAE(int)[pri:0, instance:org.apache.storm.starter.bolt.IntermediateRankingsBoltTest@49993335]" name="negativeOrZeroTopNShouldThrowIAE" duration-ms="0" started-at="2019-03-26T17:06:00Z" data-provider="illegalTopN" finished-at="2019-03-26T17:06:00Z">
          <params>
            <param index="0">
              <value>
                <![CDATA[0]]>
              </value>
            </param>
          </params>
          <exception class="java.lang.IllegalArgumentException">
            <message>
              <![CDATA[topN must be >= 1 (you requested 0)]]>
            </message>
            <full-stacktrace>
              <![CDATA[java.lang.IllegalArgumentException: topN must be >= 1 (you requested 0)
	at org.apache.storm.starter.bolt.AbstractRankerBolt.<init>(AbstractRankerBolt.java:61)
	at org.apache.storm.starter.bolt.AbstractRankerBolt.<init>(AbstractRankerBolt.java:56)
	at org.apache.storm.starter.bolt.IntermediateRankingsBolt.<init>(IntermediateRankingsBolt.java:41)
	at org.apache.storm.starter.bolt.IntermediateRankingsBoltTest.negativeOrZeroTopNShouldThrowIAE(IntermediateRankingsBoltTest.java:58)
	at sun.reflect.NativeMethodAccessorImpl.invoke0(Native Method)
	at sun.reflect.NativeMethodAccessorImpl.invoke(NativeMethodAccessorImpl.java:62)
	at sun.reflect.DelegatingMethodAccessorImpl.invoke(DelegatingMethodAccessorImpl.java:43)
	at java.lang.reflect.Method.invoke(Method.java:497)
	at org.testng.internal.MethodInvocationHelper.invokeMethod(MethodInvocationHelper.java:84)
	at org.testng.internal.Invoker.invokeMethod(Invoker.java:714)
	at org.testng.internal.Invoker.invokeTestMethod(Invoker.java:901)
	at org.testng.internal.Invoker.invokeTestMethods(Invoker.java:1231)
	at org.testng.internal.TestMethodWorker.invokeTestMethods(TestMethodWorker.java:127)
	at org.testng.internal.TestMethodWorker.run(TestMethodWorker.java:111)
	at org.testng.TestRunner.privateRun(TestRunner.java:767)
	at org.testng.TestRunner.run(TestRunner.java:617)
	at org.testng.SuiteRunner.runTest(SuiteRunner.java:334)
	at org.testng.SuiteRunner.runSequentially(SuiteRunner.java:329)
	at org.testng.SuiteRunner.privateRun(SuiteRunner.java:291)
	at org.testng.SuiteRunner.run(SuiteRunner.java:240)
	at org.testng.SuiteRunnerWorker.runSuite(SuiteRunnerWorker.java:52)
	at org.testng.SuiteRunnerWorker.run(SuiteRunnerWorker.java:86)
	at org.testng.TestNG.runSuitesSequentially(TestNG.java:1224)
	at org.testng.TestNG.runSuitesLocally(TestNG.java:1149)
	at org.testng.TestNG.run(TestNG.java:1057)
	at org.apache.maven.surefire.testng.TestNGExecutor.run(TestNGExecutor.java:115)
	at org.apache.maven.surefire.testng.TestNGDirectoryTestSuite.executeSingleClass(TestNGDirectoryTestSuite.java:129)
	at org.apache.maven.surefire.testng.TestNGDirectoryTestSuite.executeLazy(TestNGDirectoryTestSuite.java:141)
	at org.apache.maven.surefire.testng.TestNGDirectoryTestSuite.execute(TestNGDirectoryTestSuite.java:104)
	at org.apache.maven.surefire.testng.TestNGProvider.invoke(TestNGProvider.java:111)
	at org.apache.maven.surefire.booter.ForkedBooter.invokeProviderInSameClassLoader(ForkedBooter.java:203)
	at org.apache.maven.surefire.booter.ForkedBooter.runSuitesInProcess(ForkedBooter.java:155)
	at org.apache.maven.surefire.booter.ForkedBooter.main(ForkedBooter.java:103)
]]>
            </full-stacktrace>
          </exception> <!-- java.lang.IllegalArgumentException -->
          <reporter-output>
          </reporter-output>
        </test-method> <!-- negativeOrZeroTopNShouldThrowIAE -->
        <test-method status="PASS" signature="negativeOrZeroTopNShouldThrowIAE(int)[pri:0, instance:org.apache.storm.starter.bolt.IntermediateRankingsBoltTest@49993335]" name="negativeOrZeroTopNShouldThrowIAE" duration-ms="0" started-at="2019-03-26T17:06:00Z" data-provider="illegalTopN" finished-at="2019-03-26T17:06:00Z">
          <params>
            <param index="0">
              <value>
                <![CDATA[-1]]>
              </value>
            </param>
          </params>
          <exception class="java.lang.IllegalArgumentException">
            <message>
              <![CDATA[topN must be >= 1 (you requested -1)]]>
            </message>
            <full-stacktrace>
              <![CDATA[java.lang.IllegalArgumentException: topN must be >= 1 (you requested -1)
	at org.apache.storm.starter.bolt.AbstractRankerBolt.<init>(AbstractRankerBolt.java:61)
	at org.apache.storm.starter.bolt.AbstractRankerBolt.<init>(AbstractRankerBolt.java:56)
	at org.apache.storm.starter.bolt.IntermediateRankingsBolt.<init>(IntermediateRankingsBolt.java:41)
	at org.apache.storm.starter.bolt.IntermediateRankingsBoltTest.negativeOrZeroTopNShouldThrowIAE(IntermediateRankingsBoltTest.java:58)
	at sun.reflect.NativeMethodAccessorImpl.invoke0(Native Method)
	at sun.reflect.NativeMethodAccessorImpl.invoke(NativeMethodAccessorImpl.java:62)
	at sun.reflect.DelegatingMethodAccessorImpl.invoke(DelegatingMethodAccessorImpl.java:43)
	at java.lang.reflect.Method.invoke(Method.java:497)
	at org.testng.internal.MethodInvocationHelper.invokeMethod(MethodInvocationHelper.java:84)
	at org.testng.internal.Invoker.invokeMethod(Invoker.java:714)
	at org.testng.internal.Invoker.invokeTestMethod(Invoker.java:901)
	at org.testng.internal.Invoker.invokeTestMethods(Invoker.java:1231)
	at org.testng.internal.TestMethodWorker.invokeTestMethods(TestMethodWorker.java:127)
	at org.testng.internal.TestMethodWorker.run(TestMethodWorker.java:111)
	at org.testng.TestRunner.privateRun(TestRunner.java:767)
	at org.testng.TestRunner.run(TestRunner.java:617)
	at org.testng.SuiteRunner.runTest(SuiteRunner.java:334)
	at org.testng.SuiteRunner.runSequentially(SuiteRunner.java:329)
	at org.testng.SuiteRunner.privateRun(SuiteRunner.java:291)
	at org.testng.SuiteRunner.run(SuiteRunner.java:240)
	at org.testng.SuiteRunnerWorker.runSuite(SuiteRunnerWorker.java:52)
	at org.testng.SuiteRunnerWorker.run(SuiteRunnerWorker.java:86)
	at org.testng.TestNG.runSuitesSequentially(TestNG.java:1224)
	at org.testng.TestNG.runSuitesLocally(TestNG.java:1149)
	at org.testng.TestNG.run(TestNG.java:1057)
	at org.apache.maven.surefire.testng.TestNGExecutor.run(TestNGExecutor.java:115)
	at org.apache.maven.surefire.testng.TestNGDirectoryTestSuite.executeSingleClass(TestNGDirectoryTestSuite.java:129)
	at org.apache.maven.surefire.testng.TestNGDirectoryTestSuite.executeLazy(TestNGDirectoryTestSuite.java:141)
	at org.apache.maven.surefire.testng.TestNGDirectoryTestSuite.execute(TestNGDirectoryTestSuite.java:104)
	at org.apache.maven.surefire.testng.TestNGProvider.invoke(TestNGProvider.java:111)
	at org.apache.maven.surefire.booter.ForkedBooter.invokeProviderInSameClassLoader(ForkedBooter.java:203)
	at org.apache.maven.surefire.booter.ForkedBooter.runSuitesInProcess(ForkedBooter.java:155)
	at org.apache.maven.surefire.booter.ForkedBooter.main(ForkedBooter.java:103)
]]>
            </full-stacktrace>
          </exception> <!-- java.lang.IllegalArgumentException -->
          <reporter-output>
          </reporter-output>
        </test-method> <!-- negativeOrZeroTopNShouldThrowIAE -->
        <test-method status="PASS" signature="positiveEmitFrequencyShouldBeOk(int)[pri:0, instance:org.apache.storm.starter.bolt.IntermediateRankingsBoltTest@49993335]" name="positiveEmitFrequencyShouldBeOk" duration-ms="5" started-at="2019-03-26T17:06:00Z" data-provider="legalEmitFrequency" finished-at="2019-03-26T17:06:00Z">
          <params>
            <param index="0">
              <value>
                <![CDATA[1]]>
              </value>
            </param>
          </params>
          <reporter-output>
          </reporter-output>
        </test-method> <!-- positiveEmitFrequencyShouldBeOk -->
        <test-method status="PASS" signature="positiveEmitFrequencyShouldBeOk(int)[pri:0, instance:org.apache.storm.starter.bolt.IntermediateRankingsBoltTest@49993335]" name="positiveEmitFrequencyShouldBeOk" duration-ms="1" started-at="2019-03-26T17:06:00Z" data-provider="legalEmitFrequency" finished-at="2019-03-26T17:06:00Z">
          <params>
            <param index="0">
              <value>
                <![CDATA[20]]>
              </value>
            </param>
          </params>
          <reporter-output>
          </reporter-output>
        </test-method> <!-- positiveEmitFrequencyShouldBeOk -->
        <test-method status="PASS" signature="positiveEmitFrequencyShouldBeOk(int)[pri:0, instance:org.apache.storm.starter.bolt.IntermediateRankingsBoltTest@49993335]" name="positiveEmitFrequencyShouldBeOk" duration-ms="0" started-at="2019-03-26T17:06:00Z" data-provider="legalEmitFrequency" finished-at="2019-03-26T17:06:00Z">
          <params>
            <param index="0">
              <value>
                <![CDATA[3]]>
              </value>
            </param>
          </params>
          <reporter-output>
          </reporter-output>
        </test-method> <!-- positiveEmitFrequencyShouldBeOk -->
        <test-method status="PASS" signature="positiveEmitFrequencyShouldBeOk(int)[pri:0, instance:org.apache.storm.starter.bolt.IntermediateRankingsBoltTest@49993335]" name="positiveEmitFrequencyShouldBeOk" duration-ms="0" started-at="2019-03-26T17:06:00Z" data-provider="legalEmitFrequency" finished-at="2019-03-26T17:06:00Z">
          <params>
            <param index="0">
              <value>
                <![CDATA[2]]>
              </value>
            </param>
          </params>
          <reporter-output>
          </reporter-output>
        </test-method> <!-- positiveEmitFrequencyShouldBeOk -->
        <test-method status="PASS" signature="positiveTopNShouldBeOk(int)[pri:0, instance:org.apache.storm.starter.bolt.IntermediateRankingsBoltTest@49993335]" name="positiveTopNShouldBeOk" duration-ms="0" started-at="2019-03-26T17:06:00Z" data-provider="legalTopN" finished-at="2019-03-26T17:06:00Z">
          <params>
            <param index="0">
              <value>
                <![CDATA[1]]>
              </value>
            </param>
          </params>
          <reporter-output>
          </reporter-output>
        </test-method> <!-- positiveTopNShouldBeOk -->
        <test-method status="PASS" signature="positiveTopNShouldBeOk(int)[pri:0, instance:org.apache.storm.starter.bolt.IntermediateRankingsBoltTest@49993335]" name="positiveTopNShouldBeOk" duration-ms="0" started-at="2019-03-26T17:06:00Z" data-provider="legalTopN" finished-at="2019-03-26T17:06:00Z">
          <params>
            <param index="0">
              <value>
                <![CDATA[2]]>
              </value>
            </param>
          </params>
          <reporter-output>
          </reporter-output>
        </test-method> <!-- positiveTopNShouldBeOk -->
        <test-method status="PASS" signature="positiveTopNShouldBeOk(int)[pri:0, instance:org.apache.storm.starter.bolt.IntermediateRankingsBoltTest@49993335]" name="positiveTopNShouldBeOk" duration-ms="0" started-at="2019-03-26T17:06:00Z" data-provider="legalTopN" finished-at="2019-03-26T17:06:00Z">
          <params>
            <param index="0">
              <value>
                <![CDATA[3]]>
              </value>
            </param>
          </params>
          <reporter-output>
          </reporter-output>
        </test-method> <!-- positiveTopNShouldBeOk -->
        <test-method status="PASS" signature="shouldDeclareOutputFields()[pri:0, instance:org.apache.storm.starter.bolt.IntermediateRankingsBoltTest@49993335]" name="shouldDeclareOutputFields" duration-ms="129" started-at="2019-03-26T17:06:00Z" finished-at="2019-03-26T17:06:00Z">
          <reporter-output>
          </reporter-output>
        </test-method> <!-- shouldDeclareOutputFields -->
        <test-method status="PASS" signature="positiveTopNShouldBeOk(int)[pri:0, instance:org.apache.storm.starter.bolt.IntermediateRankingsBoltTest@49993335]" name="positiveTopNShouldBeOk" duration-ms="0" started-at="2019-03-26T17:06:00Z" data-provider="legalTopN" finished-at="2019-03-26T17:06:00Z">
          <params>
            <param index="0">
              <value>
                <![CDATA[20]]>
              </value>
            </param>
          </params>
          <reporter-output>
          </reporter-output>
        </test-method> <!-- positiveTopNShouldBeOk -->
        <test-method status="PASS" signature="shouldEmitNothingIfNormalTupleIsReceived()[pri:0, instance:org.apache.storm.starter.bolt.IntermediateRankingsBoltTest@49993335]" name="shouldEmitNothingIfNormalTupleIsReceived" duration-ms="40" started-at="2019-03-26T17:06:00Z" finished-at="2019-03-26T17:06:00Z">
          <reporter-output>
          </reporter-output>
        </test-method> <!-- shouldEmitNothingIfNormalTupleIsReceived -->
        <test-method status="PASS" signature="shouldEmitSomethingIfTickTupleIsReceived()[pri:0, instance:org.apache.storm.starter.bolt.IntermediateRankingsBoltTest@49993335]" name="shouldEmitSomethingIfTickTupleIsReceived" duration-ms="7" started-at="2019-03-26T17:06:00Z" finished-at="2019-03-26T17:06:00Z">
          <reporter-output>
          </reporter-output>
        </test-method> <!-- shouldEmitSomethingIfTickTupleIsReceived -->
        <test-method status="PASS" signature="shouldSetTickTupleFrequencyInComponentConfigurationToNonZeroValue()[pri:0, instance:org.apache.storm.starter.bolt.IntermediateRankingsBoltTest@49993335]" name="shouldSetTickTupleFrequencyInComponentConfigurationToNonZeroValue" duration-ms="12" started-at="2019-03-26T17:06:00Z" finished-at="2019-03-26T17:06:00Z">
          <reporter-output>
          </reporter-output>
        </test-method> <!-- shouldSetTickTupleFrequencyInComponentConfigurationToNonZeroValue -->
      </class> <!-- org.apache.storm.starter.bolt.IntermediateRankingsBoltTest -->
    </test> <!-- Surefire test -->
  </suite> <!-- Surefire suite -->
</testng-results>
